<?xml version="1.0" encoding="UTF-8" ?>
<testsuite tests="35" failures="0" name="com.sbstechtest.utils.TestRunner" time="1.394" errors="0" skipped="0">
  <properties>
    <property name="java.runtime.name" value="Java(TM) SE Runtime Environment"/>
    <property name="sun.boot.library.path" value="C:\Program Files\Java\jdk1.8.0_231\jre\bin"/>
    <property name="java.vm.version" value="25.231-b11"/>
    <property name="java.vm.vendor" value="Oracle Corporation"/>
    <property name="maven.multiModuleProjectDirectory" value="C:\Framework\SBSTechTest"/>
    <property name="java.vendor.url" value="http://java.oracle.com/"/>
    <property name="path.separator" value=";"/>
    <property name="guice.disable.misplaced.annotation.check" value="true"/>
    <property name="java.vm.name" value="Java HotSpot(TM) 64-Bit Server VM"/>
    <property name="file.encoding.pkg" value="sun.io"/>
    <property name="user.script" value=""/>
    <property name="user.country" value="US"/>
    <property name="sun.java.launcher" value="SUN_STANDARD"/>
    <property name="sun.os.patch.level" value=""/>
    <property name="java.vm.specification.name" value="Java Virtual Machine Specification"/>
    <property name="user.dir" value="C:\Framework\SBSTechTest"/>
    <property name="java.runtime.version" value="1.8.0_231-b11"/>
    <property name="java.awt.graphicsenv" value="sun.awt.Win32GraphicsEnvironment"/>
    <property name="java.endorsed.dirs" value="C:\Program Files\Java\jdk1.8.0_231\jre\lib\endorsed"/>
    <property name="os.arch" value="amd64"/>
    <property name="java.io.tmpdir" value="C:\Users\DELL\AppData\Local\Temp\"/>
    <property name="line.separator" value="
"/>
    <property name="java.vm.specification.vendor" value="Oracle Corporation"/>
    <property name="user.variant" value=""/>
    <property name="os.name" value="Windows 10"/>
    <property name="classworlds.conf" value="C:\Framework\.metadata\.plugins\org.eclipse.m2e.launching\launches\m2conf2208612417272322423.tmp"/>
    <property name="sun.jnu.encoding" value="Cp1252"/>
    <property name="java.library.path" value="C:\Program Files\Java\jdk1.8.0_231\bin;C:\WINDOWS\Sun\Java\bin;C:\WINDOWS\system32;C:\WINDOWS;C:/Program Files/Java/jre1.8.0_231/bin/server;C:/Program Files/Java/jre1.8.0_231/bin;C:/Program Files/Java/jre1.8.0_231/lib/amd64;C:\Program Files (x86)\Common Files\Oracle\Java\javapath;C:\WINDOWS\system32;C:\WINDOWS;C:\WINDOWS\System32\Wbem;C:\WINDOWS\System32\WindowsPowerShell\v1.0\;C:\Program Files\Java\jdk1.8.0_231\bin;C:\Selenium\Softwares\apache-maven-3.6.3\bin;C:\Program Files\Git\cmd;C:\WINDOWS\System32\OpenSSH\;C:\Program Files\TortoiseSVN\bin;C:\Program Files\MySQL\MySQL Server 8.0\bin;C:\Program Files\MySQL\MySQL Shell 8.0\bin\;C:\Program Files\Java\jdk1.8.0_231\bin;C:\Users\DELL\AppData\Local\Microsoft\WindowsApps;;C:\WINDOWS\system32;;."/>
    <property name="java.specification.name" value="Java Platform API Specification"/>
    <property name="java.class.version" value="52.0"/>
    <property name="sun.management.compiler" value="HotSpot 64-Bit Tiered Compilers"/>
    <property name="os.version" value="10.0"/>
    <property name="user.home" value="C:\Users\DELL"/>
    <property name="user.timezone" value="Australia/Adelaide"/>
    <property name="java.awt.printerjob" value="sun.awt.windows.WPrinterJob"/>
    <property name="java.specification.version" value="1.8"/>
    <property name="file.encoding" value="Cp1252"/>
    <property name="user.name" value="DELL"/>
    <property name="java.class.path" value="C:\Users\DELL\.p2\pool\plugins\org.eclipse.m2e.maven.runtime_1.13.0.20190716-1623\jars\plexus-classworlds-2.6.0.jar"/>
    <property name="java.vm.specification.version" value="1.8"/>
    <property name="sun.arch.data.model" value="64"/>
    <property name="java.home" value="C:\Program Files\Java\jdk1.8.0_231\jre"/>
    <property name="sun.java.command" value="org.codehaus.plexus.classworlds.launcher.Launcher -B test"/>
    <property name="java.specification.vendor" value="Oracle Corporation"/>
    <property name="user.language" value="en"/>
    <property name="awt.toolkit" value="sun.awt.windows.WToolkit"/>
    <property name="java.vm.info" value="mixed mode"/>
    <property name="java.version" value="1.8.0_231"/>
    <property name="java.ext.dirs" value="C:\Program Files\Java\jdk1.8.0_231\jre\lib\ext;C:\WINDOWS\Sun\Java\lib\ext"/>
    <property name="sun.boot.class.path" value="C:\Program Files\Java\jdk1.8.0_231\jre\lib\resources.jar;C:\Program Files\Java\jdk1.8.0_231\jre\lib\rt.jar;C:\Program Files\Java\jdk1.8.0_231\jre\lib\sunrsasign.jar;C:\Program Files\Java\jdk1.8.0_231\jre\lib\jsse.jar;C:\Program Files\Java\jdk1.8.0_231\jre\lib\jce.jar;C:\Program Files\Java\jdk1.8.0_231\jre\lib\charsets.jar;C:\Program Files\Java\jdk1.8.0_231\jre\lib\jfr.jar;C:\Program Files\Java\jdk1.8.0_231\jre\classes"/>
    <property name="java.vendor" value="Oracle Corporation"/>
    <property name="maven.home" value="C:\Framework\SBSTechTest\EMBEDDED"/>
    <property name="file.separator" value="\"/>
    <property name="java.vendor.url.bug" value="http://bugreport.sun.com/bugreport/"/>
    <property name="sun.cpu.endian" value="little"/>
    <property name="sun.io.unicode.encoding" value="UnicodeLittle"/>
    <property name="sun.desktop" value="windows"/>
    <property name="sun.cpu.isalist" value="amd64"/>
  </properties>
  <testcase classname="Scenario: Invoke test page and validate the audio header" name="Given I get response of &quot;APITest&quot; end point" time="0.006"/>
  <testcase classname="Scenario: Invoke test page and validate the audio header" name="Then I get all &quot;archiveAudio&quot; mp3 audio files" time="0.001"/>
  <testcase classname="Scenario: Invoke test page and validate the audio header" name="And I validate response is processed successfully" time="0"/>
  <testcase classname="Scenario: Invoke test page and validate the audio header" name="Scenario: Invoke test page and validate the audio header" time="0.001"/>
  <testcase classname="Scenario: Invoke test page and validate the audio header" name="Given Test complete" time="0"/>
  <testcase classname="Scenario: Invoke test page and validate the audio header" name="Scenario: Invoke test page and validate the audio header" time="1.201"/>
  <testcase classname="Scenario: Invoke test page and validate the audio header" name="Given User invokes test page" time="0"/>
  <testcase classname="Scenario: Invoke test page and validate the audio header" name="Then Title of audio track should be displayed as &quot;expected&quot;" time="0"/>
  <testcase classname="Scenario: Invoke test page and validate the audio header" name="And Subscribe drop down should display &quot;APPLE PODCASTS&quot; podcast" time="0"/>
  <testcase classname="Scenario: Invoke test page and validate the audio header" name="And Subscribe drop down should display &quot;GOOGLE PODCASTS&quot; podcast" time="0"/>
  <testcase classname="Scenario: Invoke test page and validate the audio header" name="Scenario: Invoke test page and validate the audio header" time="0"/>
  <testcase classname="Scenario: Validate the audio player launch" name="Given User clicks on audio icon button" time="0"/>
  <testcase classname="Scenario: Validate the audio player launch" name="Then Audio player should be launched at the bottom of the screen" time="0"/>
  <testcase classname="Scenario: Validate the audio player launch" name="Scenario: Validate the audio player launch" time="0"/>
  <testcase classname="Scenario: Click and verify player controls" name="Given User clicks &quot;pause&quot; button for audio" time="0"/>
  <testcase classname="Scenario: Click and verify player controls" name="Then Audio player should &quot;pause&quot; the audio" time="0"/>
  <testcase classname="Scenario: Click and verify player controls" name="When User clicks &quot;play&quot; button for audio" time="0"/>
  <testcase classname="Scenario: Click and verify player controls" name="Then Audio player should &quot;play&quot; the audio" time="0"/>
  <testcase classname="Scenario: Click and verify player controls" name="When User clicks &quot;mute&quot; button for audio" time="0"/>
  <testcase classname="Scenario: Click and verify player controls" name="Then Audio player should &quot;mute&quot; the audio" time="0"/>
  <testcase classname="Scenario: Click and verify player controls" name="When User clicks &quot;unmute&quot; button for audio" time="0.001"/>
  <testcase classname="Scenario: Click and verify player controls" name="Then Audio player should &quot;unmute&quot; the audio" time="0"/>
  <testcase classname="Scenario: Click and verify player controls" name="Scenario: Click and verify player controls" time="0.001"/>
  <testcase classname="Scenario: Click 20s forward or rewind on the audio player and verify scrub on the progress bar" name="Given User is on test page" time="0"/>
  <testcase classname="Scenario: Click 20s forward or rewind on the audio player and verify scrub on the progress bar" name="When Clicks 20s &quot;forward&quot; button the audio should step forward by 20s" time="0"/>
  <testcase classname="Scenario: Click 20s forward or rewind on the audio player and verify scrub on the progress bar" name="And Clicks 20s &quot;back&quot; button the audio should step back by 20s" time="0"/>
  <testcase classname="Scenario: Click 20s forward or rewind on the audio player and verify scrub on the progress bar" name="Scenario: Click 20s forward or rewind on the audio player and verify scrub on the progress bar" time="0.001"/>
  <testcase classname="Scenario: Verify language toggle button functionality" name="Given User is on test page" time="0"/>
  <testcase classname="Scenario: Verify language toggle button functionality" name="Then Language list should &quot;not display&quot; under language toggle button" time="0"/>
  <testcase classname="Scenario: Verify language toggle button functionality" name="When Clicks on toggle button" time="0"/>
  <testcase classname="Scenario: Verify language toggle button functionality" name="Then Language list should &quot;display&quot; under language toggle button" time="0.001"/>
  <testcase classname="Scenario: Verify language toggle button functionality" name="Scenario: Verify language toggle button functionality" time="0.001"/>
  <testcase classname="Scenario: Test Teardown" name="Given Test complete" time="0"/>
  <testcase classname="Scenario: Test Teardown" name="Then Close the test browser" time="0"/>
  <testcase classname="Scenario: Test Teardown" name="Scenario: Test Teardown" time="0.18"/>
</testsuite>